New log file opened at Thu Dec 24 17:49:49 CST 2015 by 29829@jinfu.local
Sending msg to client activator-0b5fb6f6-c18f-4636-9e5d-779bf30fce09: DetachedLogEvent(LogMessage(debug,sbt client logs are in: /Users/jiang/workSpace/repos/helloPlay2.4/.sbtserver/connections/activator-0b5fb6f6-c18f-4636-9e5d-779bf30fce09.log))
Sending msg to client activator-0b5fb6f6-c18f-4636-9e5d-779bf30fce09: DetachedLogEvent(LogMessage(debug,sbt server socket logs are in: /Users/jiang/workSpace/repos/helloPlay2.4/.sbtserver/connections/master.log))
Reading next message from client.
Sending msg to client activator-0b5fb6f6-c18f-4636-9e5d-779bf30fce09: DetachedLogEvent(LogMessage(debug,sbt general server logs are in: /Users/jiang/workSpace/repos/helloPlay2.4/.sbtserver/master.log))
Got request: ListenToEvents()
Reading next message from client.
Got request: ListenToBuildChange()
Reading next message from client.
Got request: SendSyntheticBuildChanged()
Reading next message from client.
Got request: KeyLookupRequest(discoveredMainClasses)
Reading next message from client.
Sending msg to client activator-0b5fb6f6-c18f-4636-9e5d-779bf30fce09: (3,ReceivedResponse())
Got request: KeyLookupRequest(mainClass)
Reading next message from client.
Sending msg to client activator-0b5fb6f6-c18f-4636-9e5d-779bf30fce09: DetachedLogEvent(LogMessage(debug,> initialize))
Sending msg to client activator-0b5fb6f6-c18f-4636-9e5d-779bf30fce09: DetachedLogEvent(LogMessage(debug,> onFailure load-failed))
Sending msg to client activator-0b5fb6f6-c18f-4636-9e5d-779bf30fce09: DetachedLogEvent(LogMessage(debug,> boot))
Sending msg to client activator-0b5fb6f6-c18f-4636-9e5d-779bf30fce09: DetachedLogEvent(LogMessage(debug,> reload))
Sending msg to client activator-0b5fb6f6-c18f-4636-9e5d-779bf30fce09: DetachedLogEvent(LogMessage(debug,[Loading] Scanning directory /Users/jiang/workSpace/repos/helloPlay2.4/project))
Sending msg to client activator-0b5fb6f6-c18f-4636-9e5d-779bf30fce09: DetachedLogEvent(LogMessage(debug,[Loading] Found non-root projects ))
Sending msg to client activator-0b5fb6f6-c18f-4636-9e5d-779bf30fce09: DetachedLogEvent(LogMessage(debug,[Loading] Done in /Users/jiang/workSpace/repos/helloPlay2.4/project, returning: ()))
Sending msg to client activator-0b5fb6f6-c18f-4636-9e5d-779bf30fce09: DetachedLogEvent(LogMessage(debug,deducing auto plugins based on known facts Set(Atom(sbt.plugins.CorePlugin)) and clauses Clauses(List(Clause(Atom(sbt.plugins.JvmPlugin),Set(Atom(sbt.plugins.IvyPlugin))), Clause(Atom(sbt.plugins.JUnitXmlReportPlugin),Set(Atom(sbt.plugins.JvmPlugin))), Clause(Atom(sbt.plugins.CorePlugin),Set(Atom(sbt.plugins.IvyPlugin))), Clause(Atom(sbt.plugins.IvyPlugin),Set(Atom(sbt.plugins.JvmPlugin))), Clause(Atom(sbt.plugins.JvmPlugin),Set(Atom(sbt.plugins.JUnitXmlReportPlugin)))))))
Sending msg to client activator-0b5fb6f6-c18f-4636-9e5d-779bf30fce09: DetachedLogEvent(LogMessage(debug,  :: deduced result: Matched(sbt.plugins.CorePlugin,sbt.plugins.IvyPlugin,sbt.plugins.JvmPlugin,sbt.plugins.JUnitXmlReportPlugin)))
Sending msg to client activator-0b5fb6f6-c18f-4636-9e5d-779bf30fce09: DetachedLogEvent(LogMessage(debug,sorting: ns: List(sbt.plugins.CorePlugin, sbt.plugins.IvyPlugin, sbt.plugins.JvmPlugin, sbt.plugins.JUnitXmlReportPlugin)))
Sending msg to client activator-0b5fb6f6-c18f-4636-9e5d-779bf30fce09: DetachedLogEvent(LogMessage(debug,  :: sorting:: found: List(sbt.plugins.CorePlugin) not found List(sbt.plugins.IvyPlugin, sbt.plugins.JvmPlugin, sbt.plugins.JUnitXmlReportPlugin)))
Sending msg to client activator-0b5fb6f6-c18f-4636-9e5d-779bf30fce09: DetachedLogEvent(LogMessage(debug,  :: sorting:: found: List(sbt.plugins.CorePlugin, sbt.plugins.IvyPlugin) not found List(sbt.plugins.JvmPlugin, sbt.plugins.JUnitXmlReportPlugin)))
Sending msg to client activator-0b5fb6f6-c18f-4636-9e5d-779bf30fce09: DetachedLogEvent(LogMessage(debug,  :: sorting:: found: List(sbt.plugins.CorePlugin, sbt.plugins.IvyPlugin, sbt.plugins.JvmPlugin) not found List(sbt.plugins.JUnitXmlReportPlugin)))
Sending msg to client activator-0b5fb6f6-c18f-4636-9e5d-779bf30fce09: DetachedLogEvent(LogMessage(debug,  :: sorting:: found: List(sbt.plugins.CorePlugin, sbt.plugins.IvyPlugin, sbt.plugins.JvmPlugin, sbt.plugins.JUnitXmlReportPlugin) not found List()))
Sending msg to client activator-0b5fb6f6-c18f-4636-9e5d-779bf30fce09: DetachedLogEvent(LogMessage(debug,  :: sorted deduced result: List(sbt.plugins.CorePlugin, sbt.plugins.IvyPlugin, sbt.plugins.JvmPlugin, sbt.plugins.JUnitXmlReportPlugin)))
Sending msg to client activator-0b5fb6f6-c18f-4636-9e5d-779bf30fce09: DetachedLogEvent(LogMessage(debug,[Loading] Done in /Users/jiang/workSpace/repos/helloPlay2.4/project, returning: (helloplay2-4-build)))
Sending msg to client activator-0b5fb6f6-c18f-4636-9e5d-779bf30fce09: DetachedLogEvent(LogMessage(info,Loading project definition from /Users/jiang/workSpace/repos/helloPlay2.4/project))
Sending msg to client activator-0b5fb6f6-c18f-4636-9e5d-779bf30fce09: DetachedLogEvent(LogMessage(debug,Running task... Cancel: sbt.TaskCancellationStrategy$Null$@93e2c8f, check cycles: false))
Sending msg to client activator-0b5fb6f6-c18f-4636-9e5d-779bf30fce09: DetachedLogEvent(LogStdOut([info] Updating {file:/Users/jiang/workSpace/repos/helloPlay2.4/project/}helloplay2-4-build...))
Sending msg to client activator-0b5fb6f6-c18f-4636-9e5d-779bf30fce09: DetachedLogEvent(LogMessage(info,Updating {file:/Users/jiang/workSpace/repos/helloPlay2.4/project/}helloplay2-4-build...))
Sending msg to client activator-0b5fb6f6-c18f-4636-9e5d-779bf30fce09: DetachedLogEvent(LogMessage(debug,Other repositories:))
Sending msg to client activator-0b5fb6f6-c18f-4636-9e5d-779bf30fce09: DetachedLogEvent(LogMessage(debug,Default repositories:))
Sending msg to client activator-0b5fb6f6-c18f-4636-9e5d-779bf30fce09: DetachedLogEvent(LogMessage(debug,Using inline dependencies specified in Scala.))
Sending msg to client activator-0b5fb6f6-c18f-4636-9e5d-779bf30fce09: DetachedLogEvent(LogMessage(debug,:: resolving dependencies :: default#helloplay2-4-build;0.1-SNAPSHOT))
Sending msg to client activator-0b5fb6f6-c18f-4636-9e5d-779bf30fce09: DetachedLogEvent(LogMessage(debug,	confs: [compile, runtime, test, provided, optional, compile-internal, runtime-internal, test-internal, plugin, sources, docs, pom, scala-tool]))
Sending msg to client activator-0b5fb6f6-c18f-4636-9e5d-779bf30fce09: DetachedLogEvent(LogMessage(debug,	validate = true))
Sending msg to client activator-0b5fb6f6-c18f-4636-9e5d-779bf30fce09: DetachedLogEvent(LogMessage(debug,	refresh = false))
Sending msg to client activator-0b5fb6f6-c18f-4636-9e5d-779bf30fce09: DetachedLogEvent(LogMessage(debug,resolving dependencies for configuration 'compile'))
Sending msg to client activator-0b5fb6f6-c18f-4636-9e5d-779bf30fce09: DetachedLogEvent(LogMessage(debug,== resolving dependencies for default#helloplay2-4-build;0.1-SNAPSHOT [compile]))
Sending msg to client activator-0b5fb6f6-c18f-4636-9e5d-779bf30fce09: DetachedLogEvent(LogMessage(debug,== resolving dependencies default#helloplay2-4-build;0.1-SNAPSHOT->com.typesafe.play#sbt-fork-run-plugin;2.4.6 [compile->default(compile)]))
Sending msg to client activator-0b5fb6f6-c18f-4636-9e5d-779bf30fce09: DetachedLogEvent(LogStdOut([info] Resolving com.typesafe.play#sbt-fork-run-plugin;2.4.6 ...))
Sending msg to client activator-0b5fb6f6-c18f-4636-9e5d-779bf30fce09: DetachedLogEvent(LogMessage(info,Resolving com.typesafe.play#sbt-fork-run-plugin;2.4.6 ...))
Sending msg to client activator-0b5fb6f6-c18f-4636-9e5d-779bf30fce09: DetachedLogEvent(LogMessage(debug,sbt-chain: Checking cache for: dependency: com.typesafe.play#sbt-fork-run-plugin;2.4.6 {compile=[default(compile)]}))
Sending msg to client activator-0b5fb6f6-c18f-4636-9e5d-779bf30fce09: DetachedLogEvent(LogStdOut([A[2K[info] Resolving com.typesafe.play#sbt-fork-run-plugin;2.4.6 ...))
Sending msg to client activator-0b5fb6f6-c18f-4636-9e5d-779bf30fce09: DetachedLogEvent(LogMessage(info,Resolving com.typesafe.play#sbt-fork-run-plugin;2.4.6 ...))
Sending msg to client activator-0b5fb6f6-c18f-4636-9e5d-779bf30fce09: DetachedLogEvent(LogMessage(debug,sbt-chain-delegate: Checking cache for: dependency: com.typesafe.play#sbt-fork-run-plugin;2.4.6 {compile=[default(compile)]}))
Sending msg to client activator-0b5fb6f6-c18f-4636-9e5d-779bf30fce09: DetachedLogEvent(LogMessage(debug,		tried https://repo.typesafe.com/typesafe/ivy-releases/com.typesafe.play/sbt-fork-run-plugin/scala_2.10/sbt_0.13/2.4.6/ivys/ivy.xml))
Sending msg to client activator-0b5fb6f6-c18f-4636-9e5d-779bf30fce09: DetachedLogEvent(LogMessage(debug,CLIENT ERROR: Not Found url=https://repo.typesafe.com/typesafe/ivy-releases/com.typesafe.play/sbt-fork-run-plugin/scala_2.10/sbt_0.13/2.4.6/ivys/ivy.xml))
Sending msg to client activator-0b5fb6f6-c18f-4636-9e5d-779bf30fce09: DetachedLogEvent(LogMessage(debug,	typesafe-ivy-releases: no ivy file found for com.typesafe.play#sbt-fork-run-plugin;2.4.6))
Sending msg to client activator-0b5fb6f6-c18f-4636-9e5d-779bf30fce09: DetachedLogEvent(LogMessage(debug,		tried https://repo.scala-sbt.org/scalasbt/sbt-plugin-releases/com.typesafe.play/sbt-fork-run-plugin/scala_2.10/sbt_0.13/2.4.6/ivys/ivy.xml))
Sending msg to client activator-0b5fb6f6-c18f-4636-9e5d-779bf30fce09: DetachedLogEvent(LogMessage(debug,	sbt-plugin-releases: found md file for com.typesafe.play#sbt-fork-run-plugin;2.4.6))
Sending msg to client activator-0b5fb6f6-c18f-4636-9e5d-779bf30fce09: DetachedLogEvent(LogMessage(debug,		=> https://repo.scala-sbt.org/scalasbt/sbt-plugin-releases/com.typesafe.play/sbt-fork-run-plugin/scala_2.10/sbt_0.13/2.4.6/ivys/ivy.xml (2.4.6)))
Sending msg to client activator-0b5fb6f6-c18f-4636-9e5d-779bf30fce09: DetachedLogEvent(LogMessage(debug,downloading https://repo.scala-sbt.org/scalasbt/sbt-plugin-releases/com.typesafe.play/sbt-fork-run-plugin/scala_2.10/sbt_0.13/2.4.6/ivys/ivy.xml ...))
Sending msg to client activator-0b5fb6f6-c18f-4636-9e5d-779bf30fce09: DetachedLogEvent(LogMessage(debug,	sbt-plugin-releases: downloading https://repo.scala-sbt.org/scalasbt/sbt-plugin-releases/com.typesafe.play/sbt-fork-run-plugin/scala_2.10/sbt_0.13/2.4.6/ivys/ivy.xml))
Sending msg to client activator-0b5fb6f6-c18f-4636-9e5d-779bf30fce09: DetachedLogEvent(LogMessage(debug,	sbt-plugin-releases: downloading https://repo.scala-sbt.org/scalasbt/sbt-plugin-releases/com.typesafe.play/sbt-fork-run-plugin/scala_2.10/sbt_0.13/2.4.6/ivys/ivy.xml.sha1))
Sending msg to client activator-0b5fb6f6-c18f-4636-9e5d-779bf30fce09: DetachedLogEvent(LogMessage(debug,sha1 OK for https://repo.scala-sbt.org/scalasbt/sbt-plugin-releases/com.typesafe.play/sbt-fork-run-plugin/scala_2.10/sbt_0.13/2.4.6/ivys/ivy.xml))
Sending msg to client activator-0b5fb6f6-c18f-4636-9e5d-779bf30fce09: DetachedLogEvent(LogMessage(debug,	[SUCCESSFUL ] com.typesafe.play#sbt-fork-run-plugin;2.4.6!ivy.xml(ivy.original) (4031ms)))
Sending msg to client activator-0b5fb6f6-c18f-4636-9e5d-779bf30fce09: DetachedLogEvent(LogMessage(debug,	found com.typesafe.play#sbt-fork-run-plugin;2.4.6 in sbt-plugin-releases))
Sending msg to client activator-0b5fb6f6-c18f-4636-9e5d-779bf30fce09: DetachedLogEvent(LogMessage(debug,== resolving dependencies com.typesafe.play#sbt-fork-run-plugin;2.4.6->com.typesafe.play#sbt-fork-run-protocol_2.10;2.4.6 [compile->default(compile)]))
Sending msg to client activator-0b5fb6f6-c18f-4636-9e5d-779bf30fce09: DetachedLogEvent(LogStdOut([A[2K[info] Resolving com.typesafe.play#sbt-fork-run-protocol_2.10;2.4.6 ...))
Sending msg to client activator-0b5fb6f6-c18f-4636-9e5d-779bf30fce09: DetachedLogEvent(LogMessage(info,Resolving com.typesafe.play#sbt-fork-run-protocol_2.10;2.4.6 ...))
Sending msg to client activator-0b5fb6f6-c18f-4636-9e5d-779bf30fce09: DetachedLogEvent(LogMessage(debug,sbt-chain: Checking cache for: dependency: com.typesafe.play#sbt-fork-run-protocol_2.10;2.4.6 {compile=[default(compile)]}))
Sending msg to client activator-0b5fb6f6-c18f-4636-9e5d-779bf30fce09: DetachedLogEvent(LogStdOut([A[2K[info] Resolving com.typesafe.play#sbt-fork-run-protocol_2.10;2.4.6 ...))
Sending msg to client activator-0b5fb6f6-c18f-4636-9e5d-779bf30fce09: DetachedLogEvent(LogMessage(info,Resolving com.typesafe.play#sbt-fork-run-protocol_2.10;2.4.6 ...))
Sending msg to client activator-0b5fb6f6-c18f-4636-9e5d-779bf30fce09: DetachedLogEvent(LogMessage(debug,sbt-chain-delegate: Checking cache for: dependency: com.typesafe.play#sbt-fork-run-protocol_2.10;2.4.6 {compile=[default(compile)]}))
Sending msg to client activator-0b5fb6f6-c18f-4636-9e5d-779bf30fce09: DetachedLogEvent(LogMessage(debug,		tried https://repo.typesafe.com/typesafe/ivy-releases/com.typesafe.play/sbt-fork-run-protocol_2.10/2.4.6/ivys/ivy.xml))
Sending msg to client activator-0b5fb6f6-c18f-4636-9e5d-779bf30fce09: DetachedLogEvent(LogMessage(debug,CLIENT ERROR: Not Found url=https://repo.typesafe.com/typesafe/ivy-releases/com.typesafe.play/sbt-fork-run-protocol_2.10/2.4.6/ivys/ivy.xml))
Sending msg to client activator-0b5fb6f6-c18f-4636-9e5d-779bf30fce09: DetachedLogEvent(LogMessage(debug,	typesafe-ivy-releases: no ivy file found for com.typesafe.play#sbt-fork-run-protocol_2.10;2.4.6))
Sending msg to client activator-0b5fb6f6-c18f-4636-9e5d-779bf30fce09: DetachedLogEvent(LogMessage(debug,		tried https://repo.scala-sbt.org/scalasbt/sbt-plugin-releases/com.typesafe.play/sbt-fork-run-protocol_2.10/2.4.6/ivys/ivy.xml))
Sending msg to client activator-0b5fb6f6-c18f-4636-9e5d-779bf30fce09: DetachedLogEvent(LogMessage(debug,CLIENT ERROR: Not Found url=https://repo.scala-sbt.org/scalasbt/sbt-plugin-releases/com.typesafe.play/sbt-fork-run-protocol_2.10/2.4.6/ivys/ivy.xml))
Sending msg to client activator-0b5fb6f6-c18f-4636-9e5d-779bf30fce09: DetachedLogEvent(LogMessage(debug,	sbt-plugin-releases: no ivy file found for com.typesafe.play#sbt-fork-run-protocol_2.10;2.4.6))
Sending msg to client activator-0b5fb6f6-c18f-4636-9e5d-779bf30fce09: DetachedLogEvent(LogMessage(debug,		tried /Users/jiang/.ivy2/local/com.typesafe.play/sbt-fork-run-protocol_2.10/2.4.6/ivys/ivy.xml))
Sending msg to client activator-0b5fb6f6-c18f-4636-9e5d-779bf30fce09: DetachedLogEvent(LogMessage(debug,	local: no ivy file found for com.typesafe.play#sbt-fork-run-protocol_2.10;2.4.6))
Sending msg to client activator-0b5fb6f6-c18f-4636-9e5d-779bf30fce09: DetachedLogEvent(LogMessage(debug,		tried https://repo1.maven.org/maven2/com/typesafe/play/sbt-fork-run-protocol_2.10/2.4.6/sbt-fork-run-protocol_2.10-2.4.6.pom))
Sending msg to client activator-0b5fb6f6-c18f-4636-9e5d-779bf30fce09: DetachedLogEvent(LogMessage(debug,	public: found md file for com.typesafe.play#sbt-fork-run-protocol_2.10;2.4.6))
Sending msg to client activator-0b5fb6f6-c18f-4636-9e5d-779bf30fce09: DetachedLogEvent(LogMessage(debug,		=> https://repo1.maven.org/maven2/com/typesafe/play/sbt-fork-run-protocol_2.10/2.4.6/sbt-fork-run-protocol_2.10-2.4.6.pom (2.4.6)))
Sending msg to client activator-0b5fb6f6-c18f-4636-9e5d-779bf30fce09: DetachedLogEvent(LogMessage(debug,downloading https://repo1.maven.org/maven2/com/typesafe/play/sbt-fork-run-protocol_2.10/2.4.6/sbt-fork-run-protocol_2.10-2.4.6.pom ...))
Sending msg to client activator-0b5fb6f6-c18f-4636-9e5d-779bf30fce09: DetachedLogEvent(LogMessage(debug,	public: downloading https://repo1.maven.org/maven2/com/typesafe/play/sbt-fork-run-protocol_2.10/2.4.6/sbt-fork-run-protocol_2.10-2.4.6.pom))
Sending msg to client activator-0b5fb6f6-c18f-4636-9e5d-779bf30fce09: DetachedLogEvent(LogMessage(debug,	public: downloading https://repo1.maven.org/maven2/com/typesafe/play/sbt-fork-run-protocol_2.10/2.4.6/sbt-fork-run-protocol_2.10-2.4.6.pom.sha1))
Sending msg to client activator-0b5fb6f6-c18f-4636-9e5d-779bf30fce09: DetachedLogEvent(LogMessage(debug,sha1 OK for https://repo1.maven.org/maven2/com/typesafe/play/sbt-fork-run-protocol_2.10/2.4.6/sbt-fork-run-protocol_2.10-2.4.6.pom))
Sending msg to client activator-0b5fb6f6-c18f-4636-9e5d-779bf30fce09: DetachedLogEvent(LogMessage(debug,	[SUCCESSFUL ] com.typesafe.play#sbt-fork-run-protocol_2.10;2.4.6!sbt-fork-run-protocol_2.10.pom(pom.original) (766ms)))
Sending msg to client activator-0b5fb6f6-c18f-4636-9e5d-779bf30fce09: DetachedLogEvent(LogMessage(debug,		tried https://repo.typesafe.com/typesafe/ivy-releases/com.typesafe.play/sbt-fork-run-protocol_2.10/2.4.6/jars/sbt-fork-run-protocol_2.10.jar))
Sending msg to client activator-0b5fb6f6-c18f-4636-9e5d-779bf30fce09: DetachedLogEvent(LogMessage(debug,CLIENT ERROR: Not Found url=https://repo.typesafe.com/typesafe/ivy-releases/com.typesafe.play/sbt-fork-run-protocol_2.10/2.4.6/jars/sbt-fork-run-protocol_2.10.jar))
Sending msg to client activator-0b5fb6f6-c18f-4636-9e5d-779bf30fce09: DetachedLogEvent(LogMessage(debug,		tried https://repo.scala-sbt.org/scalasbt/sbt-plugin-releases/com.typesafe.play/sbt-fork-run-protocol_2.10/2.4.6/jars/sbt-fork-run-protocol_2.10.jar))
Sending msg to client activator-0b5fb6f6-c18f-4636-9e5d-779bf30fce09: DetachedLogEvent(LogMessage(debug,CLIENT ERROR: Not Found url=https://repo.scala-sbt.org/scalasbt/sbt-plugin-releases/com.typesafe.play/sbt-fork-run-protocol_2.10/2.4.6/jars/sbt-fork-run-protocol_2.10.jar))
Sending msg to client activator-0b5fb6f6-c18f-4636-9e5d-779bf30fce09: DetachedLogEvent(LogMessage(debug,		tried /Users/jiang/.ivy2/local/com.typesafe.play/sbt-fork-run-protocol_2.10/2.4.6/jars/sbt-fork-run-protocol_2.10.jar))
Sending msg to client activator-0b5fb6f6-c18f-4636-9e5d-779bf30fce09: DetachedLogEvent(LogMessage(debug,		tried https://repo1.maven.org/maven2/com/typesafe/play/sbt-fork-run-protocol_2.10/2.4.6/sbt-fork-run-protocol_2.10-2.4.6.jar))
Sending msg to client activator-0b5fb6f6-c18f-4636-9e5d-779bf30fce09: DetachedLogEvent(LogMessage(debug,	found com.typesafe.play#sbt-fork-run-protocol_2.10;2.4.6 in public))
Sending msg to client activator-0b5fb6f6-c18f-4636-9e5d-779bf30fce09: DetachedLogEvent(LogMessage(debug,== resolving dependencies com.typesafe.play#sbt-fork-run-plugin;2.4.6->com.typesafe.play#sbt-fork-run-protocol_2.10;2.4.6 [compile->runtime]))
Sending msg to client activator-0b5fb6f6-c18f-4636-9e5d-779bf30fce09: DetachedLogEvent(LogMessage(debug,== resolving dependencies com.typesafe.play#sbt-fork-run-plugin;2.4.6->com.typesafe.play#sbt-fork-run-protocol_2.10;2.4.6 [compile->compile]))
Sending msg to client activator-0b5fb6f6-c18f-4636-9e5d-779bf30fce09: DetachedLogEvent(LogMessage(debug,== resolving dependencies com.typesafe.play#sbt-fork-run-protocol_2.10;2.4.6->org.scala-lang#scala-library;2.10.4 [compile->master(compile)]))
Sending msg to client activator-0b5fb6f6-c18f-4636-9e5d-779bf30fce09: DetachedLogEvent(LogStdOut([A[2K[info] Resolving org.scala-lang#scala-library;2.10.4 ...))
Sending msg to client activator-0b5fb6f6-c18f-4636-9e5d-779bf30fce09: DetachedLogEvent(LogMessage(info,Resolving org.scala-lang#scala-library;2.10.4 ...))
Sending msg to client activator-0b5fb6f6-c18f-4636-9e5d-779bf30fce09: DetachedLogEvent(LogMessage(debug,sbt-chain: Checking cache for: dependency: org.scala-lang#scala-library;2.10.4 {compile=[compile(*), master(compile)], runtime=[runtime(*)]}))
Sending msg to client activator-0b5fb6f6-c18f-4636-9e5d-779bf30fce09: DetachedLogEvent(LogMessage(debug,sbt-chain: module revision found in cache: org.scala-lang#scala-library;2.10.4))
Sending msg to client activator-0b5fb6f6-c18f-4636-9e5d-779bf30fce09: DetachedLogEvent(LogMessage(debug,	found org.scala-lang#scala-library;2.10.4 in sbt-chain))
Sending msg to client activator-0b5fb6f6-c18f-4636-9e5d-779bf30fce09: DetachedLogEvent(LogMessage(debug,	[2.10.4] org.scala-lang#scala-library;2.10.4))
Sending msg to client activator-0b5fb6f6-c18f-4636-9e5d-779bf30fce09: DetachedLogEvent(LogMessage(debug,== resolving dependencies com.typesafe.play#sbt-fork-run-protocol_2.10;2.4.6->org.scala-lang#scala-library;2.10.4 [compile->compile(*)]))
Sending msg to client activator-0b5fb6f6-c18f-4636-9e5d-779bf30fce09: DetachedLogEvent(LogMessage(debug,== resolving dependencies com.typesafe.play#sbt-fork-run-protocol_2.10;2.4.6->org.scala-lang#scala-library;2.10.4 [compile->runtime(*)]))
Sending msg to client activator-0b5fb6f6-c18f-4636-9e5d-779bf30fce09: DetachedLogEvent(LogMessage(debug,== resolving dependencies com.typesafe.play#sbt-fork-run-protocol_2.10;2.4.6->org.scala-lang#scala-library;2.10.4 [compile->compile]))
Sending msg to client activator-0b5fb6f6-c18f-4636-9e5d-779bf30fce09: DetachedLogEvent(LogMessage(debug,== resolving dependencies com.typesafe.play#sbt-fork-run-protocol_2.10;2.4.6->com.typesafe.play#sbt-run-support_2.10;2.4.6 [compile->master(compile)]))
Sending msg to client activator-0b5fb6f6-c18f-4636-9e5d-779bf30fce09: DetachedLogEvent(LogStdOut([A[2K[info] Resolving com.typesafe.play#sbt-run-support_2.10;2.4.6 ...))
Sending msg to client activator-0b5fb6f6-c18f-4636-9e5d-779bf30fce09: DetachedLogEvent(LogMessage(info,Resolving com.typesafe.play#sbt-run-support_2.10;2.4.6 ...))
Sending msg to client activator-0b5fb6f6-c18f-4636-9e5d-779bf30fce09: DetachedLogEvent(LogMessage(debug,sbt-chain: Checking cache for: dependency: com.typesafe.play#sbt-run-support_2.10;2.4.6 {compile=[compile(*), master(compile)], runtime=[runtime(*)]}))
Sending msg to client activator-0b5fb6f6-c18f-4636-9e5d-779bf30fce09: DetachedLogEvent(LogMessage(debug,sbt-chain: module revision found in cache: com.typesafe.play#sbt-run-support_2.10;2.4.6))
Sending msg to client activator-0b5fb6f6-c18f-4636-9e5d-779bf30fce09: DetachedLogEvent(LogMessage(debug,	found com.typesafe.play#sbt-run-support_2.10;2.4.6 in sbt-chain))
Sending msg to client activator-0b5fb6f6-c18f-4636-9e5d-779bf30fce09: DetachedLogEvent(LogMessage(debug,== resolving dependencies com.typesafe.play#sbt-fork-run-protocol_2.10;2.4.6->com.typesafe.play#sbt-run-support_2.10;2.4.6 [compile->compile(*)]))
Sending msg to client activator-0b5fb6f6-c18f-4636-9e5d-779bf30fce09: DetachedLogEvent(LogMessage(debug,== resolving dependencies com.typesafe.play#sbt-run-support_2.10;2.4.6->org.scala-lang#scala-library;2.10.4 [compile->master(compile)]))
Sending msg to client activator-0b5fb6f6-c18f-4636-9e5d-779bf30fce09: DetachedLogEvent(LogMessage(debug,== resolving dependencies com.typesafe.play#sbt-run-support_2.10;2.4.6->org.scala-lang#scala-library;2.10.4 [compile->compile(*)]))
Sending msg to client activator-0b5fb6f6-c18f-4636-9e5d-779bf30fce09: DetachedLogEvent(LogMessage(debug,== resolving dependencies com.typesafe.play#sbt-run-support_2.10;2.4.6->com.typesafe.play#build-link;2.4.6 [compile->master(compile)]))
Sending msg to client activator-0b5fb6f6-c18f-4636-9e5d-779bf30fce09: DetachedLogEvent(LogStdOut([A[2K[info] Resolving com.typesafe.play#build-link;2.4.6 ...))
Sending msg to client activator-0b5fb6f6-c18f-4636-9e5d-779bf30fce09: DetachedLogEvent(LogMessage(info,Resolving com.typesafe.play#build-link;2.4.6 ...))
Sending msg to client activator-0b5fb6f6-c18f-4636-9e5d-779bf30fce09: DetachedLogEvent(LogMessage(debug,sbt-chain: Checking cache for: dependency: com.typesafe.play#build-link;2.4.6 {compile=[compile(*), master(compile)], runtime=[runtime(*)]}))
Sending msg to client activator-0b5fb6f6-c18f-4636-9e5d-779bf30fce09: DetachedLogEvent(LogMessage(debug,sbt-chain: module revision found in cache: com.typesafe.play#build-link;2.4.6))
Sending msg to client activator-0b5fb6f6-c18f-4636-9e5d-779bf30fce09: DetachedLogEvent(LogMessage(debug,	found com.typesafe.play#build-link;2.4.6 in sbt-chain))
Sending msg to client activator-0b5fb6f6-c18f-4636-9e5d-779bf30fce09: DetachedLogEvent(LogMessage(debug,== resolving dependencies com.typesafe.play#sbt-run-support_2.10;2.4.6->com.typesafe.play#build-link;2.4.6 [compile->compile(*)]))
Sending msg to client activator-0b5fb6f6-c18f-4636-9e5d-779bf30fce09: DetachedLogEvent(LogMessage(debug,== resolving dependencies com.typesafe.play#build-link;2.4.6->com.typesafe.play#play-exceptions;2.4.6 [compile->master(compile)]))
Sending msg to client activator-0b5fb6f6-c18f-4636-9e5d-779bf30fce09: DetachedLogEvent(LogStdOut([A[2K[info] Resolving com.typesafe.play#play-exceptions;2.4.6 ...))
Sending msg to client activator-0b5fb6f6-c18f-4636-9e5d-779bf30fce09: DetachedLogEvent(LogMessage(info,Resolving com.typesafe.play#play-exceptions;2.4.6 ...))
Sending msg to client activator-0b5fb6f6-c18f-4636-9e5d-779bf30fce09: DetachedLogEvent(LogMessage(debug,sbt-chain: Checking cache for: dependency: com.typesafe.play#play-exceptions;2.4.6 {compile=[compile(*), master(compile)], runtime=[runtime(*)]}))
Sending msg to client activator-0b5fb6f6-c18f-4636-9e5d-779bf30fce09: DetachedLogEvent(LogMessage(debug,sbt-chain: module revision found in cache: com.typesafe.play#play-exceptions;2.4.6))
Sending msg to client activator-0b5fb6f6-c18f-4636-9e5d-779bf30fce09: DetachedLogEvent(LogMessage(debug,	found com.typesafe.play#play-exceptions;2.4.6 in sbt-chain))
Sending msg to client activator-0b5fb6f6-c18f-4636-9e5d-779bf30fce09: DetachedLogEvent(LogMessage(debug,== resolving dependencies com.typesafe.play#build-link;2.4.6->com.typesafe.play#play-exceptions;2.4.6 [compile->compile(*)]))
Sending msg to client activator-0b5fb6f6-c18f-4636-9e5d-779bf30fce09: DetachedLogEvent(LogMessage(debug,== resolving dependencies com.typesafe.play#build-link;2.4.6->org.javassist#javassist;3.19.0-GA [compile->master(compile)]))
Sending msg to client activator-0b5fb6f6-c18f-4636-9e5d-779bf30fce09: DetachedLogEvent(LogStdOut([A[2K[info] Resolving org.javassist#javassist;3.19.0-GA ...))
Sending msg to client activator-0b5fb6f6-c18f-4636-9e5d-779bf30fce09: DetachedLogEvent(LogMessage(info,Resolving org.javassist#javassist;3.19.0-GA ...))
Sending msg to client activator-0b5fb6f6-c18f-4636-9e5d-779bf30fce09: DetachedLogEvent(LogMessage(debug,sbt-chain: Checking cache for: dependency: org.javassist#javassist;3.19.0-GA {compile=[compile(*), master(compile)], runtime=[runtime(*)]}))
Sending msg to client activator-0b5fb6f6-c18f-4636-9e5d-779bf30fce09: DetachedLogEvent(LogMessage(debug,sbt-chain: module revision found in cache: org.javassist#javassist;3.19.0-GA))
Sending msg to client activator-0b5fb6f6-c18f-4636-9e5d-779bf30fce09: DetachedLogEvent(LogMessage(debug,	found org.javassist#javassist;3.19.0-GA in sbt-chain))
Sending msg to client activator-0b5fb6f6-c18f-4636-9e5d-779bf30fce09: DetachedLogEvent(LogMessage(debug,== resolving dependencies com.typesafe.play#build-link;2.4.6->org.javassist#javassist;3.19.0-GA [compile->compile(*)]))
Sending msg to client activator-0b5fb6f6-c18f-4636-9e5d-779bf30fce09: DetachedLogEvent(LogMessage(debug,== resolving dependencies com.typesafe.play#sbt-fork-run-protocol_2.10;2.4.6->com.typesafe.play#sbt-run-support_2.10;2.4.6 [compile->runtime(*)]))
Sending msg to client activator-0b5fb6f6-c18f-4636-9e5d-779bf30fce09: DetachedLogEvent(LogMessage(debug,== resolving dependencies com.typesafe.play#sbt-fork-run-protocol_2.10;2.4.6->com.typesafe.play#sbt-run-support_2.10;2.4.6 [compile->compile]))
Sending msg to client activator-0b5fb6f6-c18f-4636-9e5d-779bf30fce09: DetachedLogEvent(LogMessage(debug,== resolving dependencies com.typesafe.play#sbt-run-support_2.10;2.4.6->org.scala-lang#scala-library;2.10.4 [runtime->runtime(*)]))
Sending msg to client activator-0b5fb6f6-c18f-4636-9e5d-779bf30fce09: DetachedLogEvent(LogMessage(debug,== resolving dependencies com.typesafe.play#sbt-run-support_2.10;2.4.6->org.scala-lang#scala-library;2.10.4 [runtime->compile]))
Sending msg to client activator-0b5fb6f6-c18f-4636-9e5d-779bf30fce09: DetachedLogEvent(LogMessage(debug,== resolving dependencies com.typesafe.play#sbt-run-support_2.10;2.4.6->com.typesafe.play#build-link;2.4.6 [runtime->runtime(*)]))
Sending msg to client activator-0b5fb6f6-c18f-4636-9e5d-779bf30fce09: DetachedLogEvent(LogMessage(debug,== resolving dependencies com.typesafe.play#sbt-run-support_2.10;2.4.6->com.typesafe.play#build-link;2.4.6 [runtime->compile]))
Sending msg to client activator-0b5fb6f6-c18f-4636-9e5d-779bf30fce09: DetachedLogEvent(LogMessage(debug,== resolving dependencies com.typesafe.play#build-link;2.4.6->com.typesafe.play#play-exceptions;2.4.6 [runtime->runtime(*)]))
Sending msg to client activator-0b5fb6f6-c18f-4636-9e5d-779bf30fce09: DetachedLogEvent(LogMessage(debug,== resolving dependencies com.typesafe.play#build-link;2.4.6->com.typesafe.play#play-exceptions;2.4.6 [runtime->compile]))
Sending msg to client activator-0b5fb6f6-c18f-4636-9e5d-779bf30fce09: DetachedLogEvent(LogMessage(debug,== resolving dependencies com.typesafe.play#build-link;2.4.6->org.javassist#javassist;3.19.0-GA [runtime->runtime(*)]))
Sending msg to client activator-0b5fb6f6-c18f-4636-9e5d-779bf30fce09: DetachedLogEvent(LogMessage(debug,== resolving dependencies com.typesafe.play#build-link;2.4.6->org.javassist#javassist;3.19.0-GA [runtime->compile]))
Sending msg to client activator-0b5fb6f6-c18f-4636-9e5d-779bf30fce09: DetachedLogEvent(LogMessage(debug,== resolving dependencies com.typesafe.play#sbt-fork-run-protocol_2.10;2.4.6->com.typesafe.sbtrc#client-2-10;0.3.1 [compile->master(compile)]))
Sending msg to client activator-0b5fb6f6-c18f-4636-9e5d-779bf30fce09: DetachedLogEvent(LogStdOut([A[2K[info] Resolving com.typesafe.sbtrc#client-2-10;0.3.1 ...))
Sending msg to client activator-0b5fb6f6-c18f-4636-9e5d-779bf30fce09: DetachedLogEvent(LogMessage(info,Resolving com.typesafe.sbtrc#client-2-10;0.3.1 ...))
Sending msg to client activator-0b5fb6f6-c18f-4636-9e5d-779bf30fce09: DetachedLogEvent(LogMessage(debug,sbt-chain: Checking cache for: dependency: com.typesafe.sbtrc#client-2-10;0.3.1 {compile=[compile(*), master(compile)], runtime=[runtime(*)]}))
Sending msg to client activator-0b5fb6f6-c18f-4636-9e5d-779bf30fce09: DetachedLogEvent(LogStdOut([A[2K[info] Resolving com.typesafe.sbtrc#client-2-10;0.3.1 ...))
Sending msg to client activator-0b5fb6f6-c18f-4636-9e5d-779bf30fce09: DetachedLogEvent(LogMessage(info,Resolving com.typesafe.sbtrc#client-2-10;0.3.1 ...))
Sending msg to client activator-0b5fb6f6-c18f-4636-9e5d-779bf30fce09: DetachedLogEvent(LogMessage(debug,sbt-chain-delegate: Checking cache for: dependency: com.typesafe.sbtrc#client-2-10;0.3.1 {compile=[compile(*), master(compile)], runtime=[runtime(*)]}))
Sending msg to client activator-0b5fb6f6-c18f-4636-9e5d-779bf30fce09: DetachedLogEvent(LogMessage(debug,		tried https://repo.typesafe.com/typesafe/ivy-releases/com.typesafe.sbtrc/client-2-10/0.3.1/ivys/ivy.xml))
Sending msg to client activator-0b5fb6f6-c18f-4636-9e5d-779bf30fce09: DetachedLogEvent(LogMessage(debug,	typesafe-ivy-releases: found md file for com.typesafe.sbtrc#client-2-10;0.3.1))
Sending msg to client activator-0b5fb6f6-c18f-4636-9e5d-779bf30fce09: DetachedLogEvent(LogMessage(debug,		=> https://repo.typesafe.com/typesafe/ivy-releases/com.typesafe.sbtrc/client-2-10/0.3.1/ivys/ivy.xml (0.3.1)))
Sending msg to client activator-0b5fb6f6-c18f-4636-9e5d-779bf30fce09: DetachedLogEvent(LogMessage(debug,downloading https://repo.typesafe.com/typesafe/ivy-releases/com.typesafe.sbtrc/client-2-10/0.3.1/ivys/ivy.xml ...))
Sending msg to client activator-0b5fb6f6-c18f-4636-9e5d-779bf30fce09: DetachedLogEvent(LogMessage(debug,	typesafe-ivy-releases: downloading https://repo.typesafe.com/typesafe/ivy-releases/com.typesafe.sbtrc/client-2-10/0.3.1/ivys/ivy.xml))
Got request: UnlistenToEvents()
Reading next message from client.
Sending msg to client activator-0b5fb6f6-c18f-4636-9e5d-779bf30fce09: (8,ReceivedResponse())
Got request: UnlistenToBuildChange()
Reading next message from client.
Client activator-0b5fb6f6-c18f-4636-9e5d-779bf30fce09 closed, java.net.SocketException: Connection reset, shutting down
Stopping client.
Dropping message (0,ReceivedResponse()) to dead client activator-0b5fb6f6-c18f-4636-9e5d-779bf30fce09
Client activator-0b5fb6f6-c18f-4636-9e5d-779bf30fce09 thread exiting.
