New log file opened at Thu Dec 24 17:49:49 CST 2015 by 29829@jinfu.local
Sending msg to client activator-da509907-68cc-44bb-865b-9ba2d7be3985: DetachedLogEvent(LogMessage(debug,sbt client logs are in: /Users/jiang/workSpace/repos/helloPlay2.4/.sbtserver/connections/activator-da509907-68cc-44bb-865b-9ba2d7be3985.log))
Sending msg to client activator-da509907-68cc-44bb-865b-9ba2d7be3985: DetachedLogEvent(LogMessage(debug,sbt server socket logs are in: /Users/jiang/workSpace/repos/helloPlay2.4/.sbtserver/connections/master.log))
Reading next message from client.
Got request: ListenToEvents()
Reading next message from client.
Got request: ListenToBuildChange()
Reading next message from client.
Sending msg to client activator-da509907-68cc-44bb-865b-9ba2d7be3985: DetachedLogEvent(LogMessage(debug,> --initialize))
Got request: SendSyntheticBuildChanged()
Reading next message from client.
Got request: KeyLookupRequest(discoveredMainClasses)
Reading next message from client.
Got request: KeyLookupRequest(mainClass)
Reading next message from client.
Sending msg to client activator-da509907-68cc-44bb-865b-9ba2d7be3985: DetachedLogEvent(LogMessage(debug,sbt general server logs are in: /Users/jiang/workSpace/repos/helloPlay2.4/.sbtserver/master.log))
Sending msg to client activator-da509907-68cc-44bb-865b-9ba2d7be3985: (3,ReceivedResponse())
Sending msg to client activator-da509907-68cc-44bb-865b-9ba2d7be3985: DetachedLogEvent(LogMessage(debug,> initialize))
Sending msg to client activator-da509907-68cc-44bb-865b-9ba2d7be3985: DetachedLogEvent(LogMessage(debug,> onFailure load-failed))
Sending msg to client activator-da509907-68cc-44bb-865b-9ba2d7be3985: DetachedLogEvent(LogMessage(debug,> boot))
Sending msg to client activator-da509907-68cc-44bb-865b-9ba2d7be3985: DetachedLogEvent(LogMessage(debug,> reload))
Sending msg to client activator-da509907-68cc-44bb-865b-9ba2d7be3985: DetachedLogEvent(LogMessage(debug,[Loading] Scanning directory /Users/jiang/workSpace/repos/helloPlay2.4/project))
Sending msg to client activator-da509907-68cc-44bb-865b-9ba2d7be3985: DetachedLogEvent(LogMessage(debug,[Loading] Found non-root projects ))
Sending msg to client activator-da509907-68cc-44bb-865b-9ba2d7be3985: DetachedLogEvent(LogMessage(debug,[Loading] Done in /Users/jiang/workSpace/repos/helloPlay2.4/project, returning: ()))
Sending msg to client activator-da509907-68cc-44bb-865b-9ba2d7be3985: DetachedLogEvent(LogMessage(debug,deducing auto plugins based on known facts Set(Atom(sbt.plugins.CorePlugin)) and clauses Clauses(List(Clause(Atom(sbt.plugins.JvmPlugin),Set(Atom(sbt.plugins.IvyPlugin))), Clause(Atom(sbt.plugins.JUnitXmlReportPlugin),Set(Atom(sbt.plugins.JvmPlugin))), Clause(Atom(sbt.plugins.CorePlugin),Set(Atom(sbt.plugins.IvyPlugin))), Clause(Atom(sbt.plugins.IvyPlugin),Set(Atom(sbt.plugins.JvmPlugin))), Clause(Atom(sbt.plugins.JvmPlugin),Set(Atom(sbt.plugins.JUnitXmlReportPlugin)))))))
Sending msg to client activator-da509907-68cc-44bb-865b-9ba2d7be3985: DetachedLogEvent(LogMessage(debug,  :: deduced result: Matched(sbt.plugins.CorePlugin,sbt.plugins.IvyPlugin,sbt.plugins.JvmPlugin,sbt.plugins.JUnitXmlReportPlugin)))
Sending msg to client activator-da509907-68cc-44bb-865b-9ba2d7be3985: DetachedLogEvent(LogMessage(debug,sorting: ns: List(sbt.plugins.CorePlugin, sbt.plugins.IvyPlugin, sbt.plugins.JvmPlugin, sbt.plugins.JUnitXmlReportPlugin)))
Sending msg to client activator-da509907-68cc-44bb-865b-9ba2d7be3985: DetachedLogEvent(LogMessage(debug,  :: sorting:: found: List(sbt.plugins.CorePlugin) not found List(sbt.plugins.IvyPlugin, sbt.plugins.JvmPlugin, sbt.plugins.JUnitXmlReportPlugin)))
Sending msg to client activator-da509907-68cc-44bb-865b-9ba2d7be3985: DetachedLogEvent(LogMessage(debug,  :: sorting:: found: List(sbt.plugins.CorePlugin, sbt.plugins.IvyPlugin) not found List(sbt.plugins.JvmPlugin, sbt.plugins.JUnitXmlReportPlugin)))
Sending msg to client activator-da509907-68cc-44bb-865b-9ba2d7be3985: DetachedLogEvent(LogMessage(debug,  :: sorting:: found: List(sbt.plugins.CorePlugin, sbt.plugins.IvyPlugin, sbt.plugins.JvmPlugin) not found List(sbt.plugins.JUnitXmlReportPlugin)))
Sending msg to client activator-da509907-68cc-44bb-865b-9ba2d7be3985: DetachedLogEvent(LogMessage(debug,  :: sorting:: found: List(sbt.plugins.CorePlugin, sbt.plugins.IvyPlugin, sbt.plugins.JvmPlugin, sbt.plugins.JUnitXmlReportPlugin) not found List()))
Sending msg to client activator-da509907-68cc-44bb-865b-9ba2d7be3985: DetachedLogEvent(LogMessage(debug,  :: sorted deduced result: List(sbt.plugins.CorePlugin, sbt.plugins.IvyPlugin, sbt.plugins.JvmPlugin, sbt.plugins.JUnitXmlReportPlugin)))
Sending msg to client activator-da509907-68cc-44bb-865b-9ba2d7be3985: DetachedLogEvent(LogMessage(debug,[Loading] Done in /Users/jiang/workSpace/repos/helloPlay2.4/project, returning: (helloplay2-4-build)))
Sending msg to client activator-da509907-68cc-44bb-865b-9ba2d7be3985: DetachedLogEvent(LogMessage(info,Loading project definition from /Users/jiang/workSpace/repos/helloPlay2.4/project))
Sending msg to client activator-da509907-68cc-44bb-865b-9ba2d7be3985: DetachedLogEvent(LogMessage(debug,Running task... Cancel: sbt.TaskCancellationStrategy$Null$@93e2c8f, check cycles: false))
Sending msg to client activator-da509907-68cc-44bb-865b-9ba2d7be3985: DetachedLogEvent(LogStdOut([info] Updating {file:/Users/jiang/workSpace/repos/helloPlay2.4/project/}helloplay2-4-build...))
Sending msg to client activator-da509907-68cc-44bb-865b-9ba2d7be3985: DetachedLogEvent(LogMessage(info,Updating {file:/Users/jiang/workSpace/repos/helloPlay2.4/project/}helloplay2-4-build...))
Sending msg to client activator-da509907-68cc-44bb-865b-9ba2d7be3985: DetachedLogEvent(LogMessage(debug,Other repositories:))
Sending msg to client activator-da509907-68cc-44bb-865b-9ba2d7be3985: DetachedLogEvent(LogMessage(debug,Default repositories:))
Sending msg to client activator-da509907-68cc-44bb-865b-9ba2d7be3985: DetachedLogEvent(LogMessage(debug,Using inline dependencies specified in Scala.))
Sending msg to client activator-da509907-68cc-44bb-865b-9ba2d7be3985: DetachedLogEvent(LogMessage(debug,:: resolving dependencies :: default#helloplay2-4-build;0.1-SNAPSHOT))
Sending msg to client activator-da509907-68cc-44bb-865b-9ba2d7be3985: DetachedLogEvent(LogMessage(debug,	confs: [compile, runtime, test, provided, optional, compile-internal, runtime-internal, test-internal, plugin, sources, docs, pom, scala-tool]))
Sending msg to client activator-da509907-68cc-44bb-865b-9ba2d7be3985: DetachedLogEvent(LogMessage(debug,	validate = true))
Sending msg to client activator-da509907-68cc-44bb-865b-9ba2d7be3985: DetachedLogEvent(LogMessage(debug,	refresh = false))
Sending msg to client activator-da509907-68cc-44bb-865b-9ba2d7be3985: DetachedLogEvent(LogMessage(debug,resolving dependencies for configuration 'compile'))
Sending msg to client activator-da509907-68cc-44bb-865b-9ba2d7be3985: DetachedLogEvent(LogMessage(debug,== resolving dependencies for default#helloplay2-4-build;0.1-SNAPSHOT [compile]))
Sending msg to client activator-da509907-68cc-44bb-865b-9ba2d7be3985: DetachedLogEvent(LogMessage(debug,== resolving dependencies default#helloplay2-4-build;0.1-SNAPSHOT->com.typesafe.play#sbt-fork-run-plugin;2.4.6 [compile->default(compile)]))
Sending msg to client activator-da509907-68cc-44bb-865b-9ba2d7be3985: DetachedLogEvent(LogStdOut([info] Resolving com.typesafe.play#sbt-fork-run-plugin;2.4.6 ...))
Sending msg to client activator-da509907-68cc-44bb-865b-9ba2d7be3985: DetachedLogEvent(LogMessage(info,Resolving com.typesafe.play#sbt-fork-run-plugin;2.4.6 ...))
Sending msg to client activator-da509907-68cc-44bb-865b-9ba2d7be3985: DetachedLogEvent(LogMessage(debug,sbt-chain: Checking cache for: dependency: com.typesafe.play#sbt-fork-run-plugin;2.4.6 {compile=[default(compile)]}))
Sending msg to client activator-da509907-68cc-44bb-865b-9ba2d7be3985: DetachedLogEvent(LogStdOut([A[2K[info] Resolving com.typesafe.play#sbt-fork-run-plugin;2.4.6 ...))
Sending msg to client activator-da509907-68cc-44bb-865b-9ba2d7be3985: DetachedLogEvent(LogMessage(info,Resolving com.typesafe.play#sbt-fork-run-plugin;2.4.6 ...))
Sending msg to client activator-da509907-68cc-44bb-865b-9ba2d7be3985: DetachedLogEvent(LogMessage(debug,sbt-chain-delegate: Checking cache for: dependency: com.typesafe.play#sbt-fork-run-plugin;2.4.6 {compile=[default(compile)]}))
Sending msg to client activator-da509907-68cc-44bb-865b-9ba2d7be3985: DetachedLogEvent(LogMessage(debug,		tried https://repo.typesafe.com/typesafe/ivy-releases/com.typesafe.play/sbt-fork-run-plugin/scala_2.10/sbt_0.13/2.4.6/ivys/ivy.xml))
Got request: UnlistenToEvents()
Reading next message from client.
Got request: UnlistenToBuildChange()
Reading next message from client.
Client activator-da509907-68cc-44bb-865b-9ba2d7be3985 EOF, shutting down.
Stopping client.
Dropping message (8,ReceivedResponse()) to dead client activator-da509907-68cc-44bb-865b-9ba2d7be3985
Dropping message (0,ReceivedResponse()) to dead client activator-da509907-68cc-44bb-865b-9ba2d7be3985
Client activator-da509907-68cc-44bb-865b-9ba2d7be3985 thread exiting.
