New log file opened at Thu Dec 24 17:49:49 CST 2015 by 29829@jinfu.local
jvm 29829@jinfu.local
jvm vmName=Java HotSpot(TM) 64-Bit Server VM vmVendor=Oracle Corporation vmVersion=25.40-b25
jvm specName=Java Virtual Machine Specification specVendor=Oracle Corporation specVersion=1.8
jvm arguments: [-Xms256m, -Xmx1024m, -XX:MetaspaceSize=64m, -XX:MaxMetaspaceSize=256m]
Starting event engine
Starting sbt command engine
Command engine arguments=List()
Command engine baseDirectory=/Users/jiang/workSpace/repos/helloPlay2.4
Waiting for sbt command engine
Command engine initial remaining commands List(--initialize, onFailure load-failed, boot, server-send-ready-for-request, server-handle-next-server-request)
> --initialize
> initialize
> onFailure load-failed
> boot
> reload
[Loading] Scanning directory /Users/jiang/workSpace/repos/helloPlay2.4/project
[Loading] Found non-root projects 
[Loading] Done in /Users/jiang/workSpace/repos/helloPlay2.4/project, returning: ()
deducing auto plugins based on known facts Set(Atom(sbt.plugins.CorePlugin)) and clauses Clauses(List(Clause(Atom(sbt.plugins.JvmPlugin),Set(Atom(sbt.plugins.IvyPlugin))), Clause(Atom(sbt.plugins.JUnitXmlReportPlugin),Set(Atom(sbt.plugins.JvmPlugin))), Clause(Atom(sbt.plugins.CorePlugin),Set(Atom(sbt.plugins.IvyPlugin))), Clause(Atom(sbt.plugins.IvyPlugin),Set(Atom(sbt.plugins.JvmPlugin))), Clause(Atom(sbt.plugins.JvmPlugin),Set(Atom(sbt.plugins.JUnitXmlReportPlugin)))))
  :: deduced result: Matched(sbt.plugins.CorePlugin,sbt.plugins.IvyPlugin,sbt.plugins.JvmPlugin,sbt.plugins.JUnitXmlReportPlugin)
sorting: ns: List(sbt.plugins.CorePlugin, sbt.plugins.IvyPlugin, sbt.plugins.JvmPlugin, sbt.plugins.JUnitXmlReportPlugin)
  :: sorting:: found: List(sbt.plugins.CorePlugin) not found List(sbt.plugins.IvyPlugin, sbt.plugins.JvmPlugin, sbt.plugins.JUnitXmlReportPlugin)
  :: sorting:: found: List(sbt.plugins.CorePlugin, sbt.plugins.IvyPlugin) not found List(sbt.plugins.JvmPlugin, sbt.plugins.JUnitXmlReportPlugin)
  :: sorting:: found: List(sbt.plugins.CorePlugin, sbt.plugins.IvyPlugin, sbt.plugins.JvmPlugin) not found List(sbt.plugins.JUnitXmlReportPlugin)
  :: sorting:: found: List(sbt.plugins.CorePlugin, sbt.plugins.IvyPlugin, sbt.plugins.JvmPlugin, sbt.plugins.JUnitXmlReportPlugin) not found List()
  :: sorted deduced result: List(sbt.plugins.CorePlugin, sbt.plugins.IvyPlugin, sbt.plugins.JvmPlugin, sbt.plugins.JUnitXmlReportPlugin)
[Loading] Done in /Users/jiang/workSpace/repos/helloPlay2.4/project, returning: (helloplay2-4-build)
Loading project definition from /Users/jiang/workSpace/repos/helloPlay2.4/project
Running task... Cancel: sbt.TaskCancellationStrategy$Null$@93e2c8f, check cycles: false
[info] Updating {file:/Users/jiang/workSpace/repos/helloPlay2.4/project/}helloplay2-4-build...
Updating {file:/Users/jiang/workSpace/repos/helloPlay2.4/project/}helloplay2-4-build...
Other repositories:
Default repositories:
Using inline dependencies specified in Scala.
:: resolving dependencies :: default#helloplay2-4-build;0.1-SNAPSHOT
	confs: [compile, runtime, test, provided, optional, compile-internal, runtime-internal, test-internal, plugin, sources, docs, pom, scala-tool]
	validate = true
	refresh = false
resolving dependencies for configuration 'compile'
== resolving dependencies for default#helloplay2-4-build;0.1-SNAPSHOT [compile]
== resolving dependencies default#helloplay2-4-build;0.1-SNAPSHOT->com.typesafe.play#sbt-fork-run-plugin;2.4.6 [compile->default(compile)]
[info] Resolving com.typesafe.play#sbt-fork-run-plugin;2.4.6 ...
Resolving com.typesafe.play#sbt-fork-run-plugin;2.4.6 ...
sbt-chain: Checking cache for: dependency: com.typesafe.play#sbt-fork-run-plugin;2.4.6 {compile=[default(compile)]}
[A[2K[info] Resolving com.typesafe.play#sbt-fork-run-plugin;2.4.6 ...
Resolving com.typesafe.play#sbt-fork-run-plugin;2.4.6 ...
sbt-chain-delegate: Checking cache for: dependency: com.typesafe.play#sbt-fork-run-plugin;2.4.6 {compile=[default(compile)]}
		tried https://repo.typesafe.com/typesafe/ivy-releases/com.typesafe.play/sbt-fork-run-plugin/scala_2.10/sbt_0.13/2.4.6/ivys/ivy.xml
CLIENT ERROR: Not Found url=https://repo.typesafe.com/typesafe/ivy-releases/com.typesafe.play/sbt-fork-run-plugin/scala_2.10/sbt_0.13/2.4.6/ivys/ivy.xml
	typesafe-ivy-releases: no ivy file found for com.typesafe.play#sbt-fork-run-plugin;2.4.6
		tried https://repo.scala-sbt.org/scalasbt/sbt-plugin-releases/com.typesafe.play/sbt-fork-run-plugin/scala_2.10/sbt_0.13/2.4.6/ivys/ivy.xml
	sbt-plugin-releases: found md file for com.typesafe.play#sbt-fork-run-plugin;2.4.6
		=> https://repo.scala-sbt.org/scalasbt/sbt-plugin-releases/com.typesafe.play/sbt-fork-run-plugin/scala_2.10/sbt_0.13/2.4.6/ivys/ivy.xml (2.4.6)
downloading https://repo.scala-sbt.org/scalasbt/sbt-plugin-releases/com.typesafe.play/sbt-fork-run-plugin/scala_2.10/sbt_0.13/2.4.6/ivys/ivy.xml ...
	sbt-plugin-releases: downloading https://repo.scala-sbt.org/scalasbt/sbt-plugin-releases/com.typesafe.play/sbt-fork-run-plugin/scala_2.10/sbt_0.13/2.4.6/ivys/ivy.xml
	sbt-plugin-releases: downloading https://repo.scala-sbt.org/scalasbt/sbt-plugin-releases/com.typesafe.play/sbt-fork-run-plugin/scala_2.10/sbt_0.13/2.4.6/ivys/ivy.xml.sha1
sha1 OK for https://repo.scala-sbt.org/scalasbt/sbt-plugin-releases/com.typesafe.play/sbt-fork-run-plugin/scala_2.10/sbt_0.13/2.4.6/ivys/ivy.xml
	[SUCCESSFUL ] com.typesafe.play#sbt-fork-run-plugin;2.4.6!ivy.xml(ivy.original) (4031ms)
	found com.typesafe.play#sbt-fork-run-plugin;2.4.6 in sbt-plugin-releases
== resolving dependencies com.typesafe.play#sbt-fork-run-plugin;2.4.6->com.typesafe.play#sbt-fork-run-protocol_2.10;2.4.6 [compile->default(compile)]
[A[2K[info] Resolving com.typesafe.play#sbt-fork-run-protocol_2.10;2.4.6 ...
Resolving com.typesafe.play#sbt-fork-run-protocol_2.10;2.4.6 ...
sbt-chain: Checking cache for: dependency: com.typesafe.play#sbt-fork-run-protocol_2.10;2.4.6 {compile=[default(compile)]}
[A[2K[info] Resolving com.typesafe.play#sbt-fork-run-protocol_2.10;2.4.6 ...
Resolving com.typesafe.play#sbt-fork-run-protocol_2.10;2.4.6 ...
sbt-chain-delegate: Checking cache for: dependency: com.typesafe.play#sbt-fork-run-protocol_2.10;2.4.6 {compile=[default(compile)]}
		tried https://repo.typesafe.com/typesafe/ivy-releases/com.typesafe.play/sbt-fork-run-protocol_2.10/2.4.6/ivys/ivy.xml
CLIENT ERROR: Not Found url=https://repo.typesafe.com/typesafe/ivy-releases/com.typesafe.play/sbt-fork-run-protocol_2.10/2.4.6/ivys/ivy.xml
	typesafe-ivy-releases: no ivy file found for com.typesafe.play#sbt-fork-run-protocol_2.10;2.4.6
		tried https://repo.scala-sbt.org/scalasbt/sbt-plugin-releases/com.typesafe.play/sbt-fork-run-protocol_2.10/2.4.6/ivys/ivy.xml
CLIENT ERROR: Not Found url=https://repo.scala-sbt.org/scalasbt/sbt-plugin-releases/com.typesafe.play/sbt-fork-run-protocol_2.10/2.4.6/ivys/ivy.xml
	sbt-plugin-releases: no ivy file found for com.typesafe.play#sbt-fork-run-protocol_2.10;2.4.6
		tried /Users/jiang/.ivy2/local/com.typesafe.play/sbt-fork-run-protocol_2.10/2.4.6/ivys/ivy.xml
	local: no ivy file found for com.typesafe.play#sbt-fork-run-protocol_2.10;2.4.6
		tried https://repo1.maven.org/maven2/com/typesafe/play/sbt-fork-run-protocol_2.10/2.4.6/sbt-fork-run-protocol_2.10-2.4.6.pom
	public: found md file for com.typesafe.play#sbt-fork-run-protocol_2.10;2.4.6
		=> https://repo1.maven.org/maven2/com/typesafe/play/sbt-fork-run-protocol_2.10/2.4.6/sbt-fork-run-protocol_2.10-2.4.6.pom (2.4.6)
downloading https://repo1.maven.org/maven2/com/typesafe/play/sbt-fork-run-protocol_2.10/2.4.6/sbt-fork-run-protocol_2.10-2.4.6.pom ...
	public: downloading https://repo1.maven.org/maven2/com/typesafe/play/sbt-fork-run-protocol_2.10/2.4.6/sbt-fork-run-protocol_2.10-2.4.6.pom
	public: downloading https://repo1.maven.org/maven2/com/typesafe/play/sbt-fork-run-protocol_2.10/2.4.6/sbt-fork-run-protocol_2.10-2.4.6.pom.sha1
sha1 OK for https://repo1.maven.org/maven2/com/typesafe/play/sbt-fork-run-protocol_2.10/2.4.6/sbt-fork-run-protocol_2.10-2.4.6.pom
	[SUCCESSFUL ] com.typesafe.play#sbt-fork-run-protocol_2.10;2.4.6!sbt-fork-run-protocol_2.10.pom(pom.original) (766ms)
		tried https://repo.typesafe.com/typesafe/ivy-releases/com.typesafe.play/sbt-fork-run-protocol_2.10/2.4.6/jars/sbt-fork-run-protocol_2.10.jar
CLIENT ERROR: Not Found url=https://repo.typesafe.com/typesafe/ivy-releases/com.typesafe.play/sbt-fork-run-protocol_2.10/2.4.6/jars/sbt-fork-run-protocol_2.10.jar
		tried https://repo.scala-sbt.org/scalasbt/sbt-plugin-releases/com.typesafe.play/sbt-fork-run-protocol_2.10/2.4.6/jars/sbt-fork-run-protocol_2.10.jar
CLIENT ERROR: Not Found url=https://repo.scala-sbt.org/scalasbt/sbt-plugin-releases/com.typesafe.play/sbt-fork-run-protocol_2.10/2.4.6/jars/sbt-fork-run-protocol_2.10.jar
		tried /Users/jiang/.ivy2/local/com.typesafe.play/sbt-fork-run-protocol_2.10/2.4.6/jars/sbt-fork-run-protocol_2.10.jar
		tried https://repo1.maven.org/maven2/com/typesafe/play/sbt-fork-run-protocol_2.10/2.4.6/sbt-fork-run-protocol_2.10-2.4.6.jar
	found com.typesafe.play#sbt-fork-run-protocol_2.10;2.4.6 in public
== resolving dependencies com.typesafe.play#sbt-fork-run-plugin;2.4.6->com.typesafe.play#sbt-fork-run-protocol_2.10;2.4.6 [compile->runtime]
== resolving dependencies com.typesafe.play#sbt-fork-run-plugin;2.4.6->com.typesafe.play#sbt-fork-run-protocol_2.10;2.4.6 [compile->compile]
== resolving dependencies com.typesafe.play#sbt-fork-run-protocol_2.10;2.4.6->org.scala-lang#scala-library;2.10.4 [compile->master(compile)]
[A[2K[info] Resolving org.scala-lang#scala-library;2.10.4 ...
Resolving org.scala-lang#scala-library;2.10.4 ...
sbt-chain: Checking cache for: dependency: org.scala-lang#scala-library;2.10.4 {compile=[compile(*), master(compile)], runtime=[runtime(*)]}
sbt-chain: module revision found in cache: org.scala-lang#scala-library;2.10.4
	found org.scala-lang#scala-library;2.10.4 in sbt-chain
	[2.10.4] org.scala-lang#scala-library;2.10.4
== resolving dependencies com.typesafe.play#sbt-fork-run-protocol_2.10;2.4.6->org.scala-lang#scala-library;2.10.4 [compile->compile(*)]
== resolving dependencies com.typesafe.play#sbt-fork-run-protocol_2.10;2.4.6->org.scala-lang#scala-library;2.10.4 [compile->runtime(*)]
== resolving dependencies com.typesafe.play#sbt-fork-run-protocol_2.10;2.4.6->org.scala-lang#scala-library;2.10.4 [compile->compile]
== resolving dependencies com.typesafe.play#sbt-fork-run-protocol_2.10;2.4.6->com.typesafe.play#sbt-run-support_2.10;2.4.6 [compile->master(compile)]
[A[2K[info] Resolving com.typesafe.play#sbt-run-support_2.10;2.4.6 ...
Resolving com.typesafe.play#sbt-run-support_2.10;2.4.6 ...
sbt-chain: Checking cache for: dependency: com.typesafe.play#sbt-run-support_2.10;2.4.6 {compile=[compile(*), master(compile)], runtime=[runtime(*)]}
sbt-chain: module revision found in cache: com.typesafe.play#sbt-run-support_2.10;2.4.6
	found com.typesafe.play#sbt-run-support_2.10;2.4.6 in sbt-chain
== resolving dependencies com.typesafe.play#sbt-fork-run-protocol_2.10;2.4.6->com.typesafe.play#sbt-run-support_2.10;2.4.6 [compile->compile(*)]
== resolving dependencies com.typesafe.play#sbt-run-support_2.10;2.4.6->org.scala-lang#scala-library;2.10.4 [compile->master(compile)]
== resolving dependencies com.typesafe.play#sbt-run-support_2.10;2.4.6->org.scala-lang#scala-library;2.10.4 [compile->compile(*)]
== resolving dependencies com.typesafe.play#sbt-run-support_2.10;2.4.6->com.typesafe.play#build-link;2.4.6 [compile->master(compile)]
[A[2K[info] Resolving com.typesafe.play#build-link;2.4.6 ...
Resolving com.typesafe.play#build-link;2.4.6 ...
sbt-chain: Checking cache for: dependency: com.typesafe.play#build-link;2.4.6 {compile=[compile(*), master(compile)], runtime=[runtime(*)]}
sbt-chain: module revision found in cache: com.typesafe.play#build-link;2.4.6
	found com.typesafe.play#build-link;2.4.6 in sbt-chain
== resolving dependencies com.typesafe.play#sbt-run-support_2.10;2.4.6->com.typesafe.play#build-link;2.4.6 [compile->compile(*)]
== resolving dependencies com.typesafe.play#build-link;2.4.6->com.typesafe.play#play-exceptions;2.4.6 [compile->master(compile)]
[A[2K[info] Resolving com.typesafe.play#play-exceptions;2.4.6 ...
Resolving com.typesafe.play#play-exceptions;2.4.6 ...
sbt-chain: Checking cache for: dependency: com.typesafe.play#play-exceptions;2.4.6 {compile=[compile(*), master(compile)], runtime=[runtime(*)]}
sbt-chain: module revision found in cache: com.typesafe.play#play-exceptions;2.4.6
	found com.typesafe.play#play-exceptions;2.4.6 in sbt-chain
== resolving dependencies com.typesafe.play#build-link;2.4.6->com.typesafe.play#play-exceptions;2.4.6 [compile->compile(*)]
== resolving dependencies com.typesafe.play#build-link;2.4.6->org.javassist#javassist;3.19.0-GA [compile->master(compile)]
[A[2K[info] Resolving org.javassist#javassist;3.19.0-GA ...
Resolving org.javassist#javassist;3.19.0-GA ...
sbt-chain: Checking cache for: dependency: org.javassist#javassist;3.19.0-GA {compile=[compile(*), master(compile)], runtime=[runtime(*)]}
sbt-chain: module revision found in cache: org.javassist#javassist;3.19.0-GA
	found org.javassist#javassist;3.19.0-GA in sbt-chain
== resolving dependencies com.typesafe.play#build-link;2.4.6->org.javassist#javassist;3.19.0-GA [compile->compile(*)]
== resolving dependencies com.typesafe.play#sbt-fork-run-protocol_2.10;2.4.6->com.typesafe.play#sbt-run-support_2.10;2.4.6 [compile->runtime(*)]
== resolving dependencies com.typesafe.play#sbt-fork-run-protocol_2.10;2.4.6->com.typesafe.play#sbt-run-support_2.10;2.4.6 [compile->compile]
== resolving dependencies com.typesafe.play#sbt-run-support_2.10;2.4.6->org.scala-lang#scala-library;2.10.4 [runtime->runtime(*)]
== resolving dependencies com.typesafe.play#sbt-run-support_2.10;2.4.6->org.scala-lang#scala-library;2.10.4 [runtime->compile]
== resolving dependencies com.typesafe.play#sbt-run-support_2.10;2.4.6->com.typesafe.play#build-link;2.4.6 [runtime->runtime(*)]
== resolving dependencies com.typesafe.play#sbt-run-support_2.10;2.4.6->com.typesafe.play#build-link;2.4.6 [runtime->compile]
== resolving dependencies com.typesafe.play#build-link;2.4.6->com.typesafe.play#play-exceptions;2.4.6 [runtime->runtime(*)]
== resolving dependencies com.typesafe.play#build-link;2.4.6->com.typesafe.play#play-exceptions;2.4.6 [runtime->compile]
== resolving dependencies com.typesafe.play#build-link;2.4.6->org.javassist#javassist;3.19.0-GA [runtime->runtime(*)]
== resolving dependencies com.typesafe.play#build-link;2.4.6->org.javassist#javassist;3.19.0-GA [runtime->compile]
== resolving dependencies com.typesafe.play#sbt-fork-run-protocol_2.10;2.4.6->com.typesafe.sbtrc#client-2-10;0.3.1 [compile->master(compile)]
[A[2K[info] Resolving com.typesafe.sbtrc#client-2-10;0.3.1 ...
Resolving com.typesafe.sbtrc#client-2-10;0.3.1 ...
sbt-chain: Checking cache for: dependency: com.typesafe.sbtrc#client-2-10;0.3.1 {compile=[compile(*), master(compile)], runtime=[runtime(*)]}
[A[2K[info] Resolving com.typesafe.sbtrc#client-2-10;0.3.1 ...
Resolving com.typesafe.sbtrc#client-2-10;0.3.1 ...
sbt-chain-delegate: Checking cache for: dependency: com.typesafe.sbtrc#client-2-10;0.3.1 {compile=[compile(*), master(compile)], runtime=[runtime(*)]}
		tried https://repo.typesafe.com/typesafe/ivy-releases/com.typesafe.sbtrc/client-2-10/0.3.1/ivys/ivy.xml
	typesafe-ivy-releases: found md file for com.typesafe.sbtrc#client-2-10;0.3.1
		=> https://repo.typesafe.com/typesafe/ivy-releases/com.typesafe.sbtrc/client-2-10/0.3.1/ivys/ivy.xml (0.3.1)
downloading https://repo.typesafe.com/typesafe/ivy-releases/com.typesafe.sbtrc/client-2-10/0.3.1/ivys/ivy.xml ...
	typesafe-ivy-releases: downloading https://repo.typesafe.com/typesafe/ivy-releases/com.typesafe.sbtrc/client-2-10/0.3.1/ivys/ivy.xml
	typesafe-ivy-releases: downloading https://repo.typesafe.com/typesafe/ivy-releases/com.typesafe.sbtrc/client-2-10/0.3.1/ivys/ivy.xml.sha1
sha1 OK for https://repo.typesafe.com/typesafe/ivy-releases/com.typesafe.sbtrc/client-2-10/0.3.1/ivys/ivy.xml
	[SUCCESSFUL ] com.typesafe.sbtrc#client-2-10;0.3.1!ivy.xml(ivy.original) (4068ms)
	found com.typesafe.sbtrc#client-2-10;0.3.1 in typesafe-ivy-releases
== resolving dependencies com.typesafe.sbtrc#client-2-10;0.3.1->org.scala-lang#scala-library;2.10.4 [compile->default(compile)]
== resolving dependencies com.typesafe.sbtrc#client-2-10;0.3.1->org.scala-lang#scala-library;2.10.4 [compile->runtime]
== resolving dependencies com.typesafe.sbtrc#client-2-10;0.3.1->org.scala-lang#scala-library;2.10.4 [compile->compile]
== resolving dependencies com.typesafe.sbtrc#client-2-10;0.3.1->org.scala-lang#scala-library;2.10.4 [compile->master]
== resolving dependencies com.typesafe.sbtrc#client-2-10;0.3.1->org.scala-lang#scala-reflect;2.10.4 [compile->default(compile)]
[A[2K[info] Resolving org.scala-lang#scala-reflect;2.10.4 ...
Resolving org.scala-lang#scala-reflect;2.10.4 ...
sbt-chain: Checking cache for: dependency: org.scala-lang#scala-reflect;2.10.4 {compile=[default(compile)]}
sbt-chain: module revision found in cache: org.scala-lang#scala-reflect;2.10.4
	found org.scala-lang#scala-reflect;2.10.4 in sbt-chain
	[2.10.4] org.scala-lang#scala-reflect;2.10.4
== resolving dependencies com.typesafe.sbtrc#client-2-10;0.3.1->org.scala-lang#scala-reflect;2.10.4 [compile->runtime]
== resolving dependencies com.typesafe.sbtrc#client-2-10;0.3.1->org.scala-lang#scala-reflect;2.10.4 [compile->compile]
== resolving dependencies org.scala-lang#scala-reflect;2.10.4->org.scala-lang#scala-library;2.10.4 [compile->master(*)]
== resolving dependencies org.scala-lang#scala-reflect;2.10.4->org.scala-lang#scala-library;2.10.4 [compile->compile(*)]
== resolving dependencies org.scala-lang#scala-reflect;2.10.4->org.scala-lang#scala-library;2.10.4 [runtime->runtime(*)]
== resolving dependencies org.scala-lang#scala-reflect;2.10.4->org.scala-lang#scala-library;2.10.4 [runtime->compile]
== resolving dependencies com.typesafe.sbtrc#client-2-10;0.3.1->org.scala-lang#scala-reflect;2.10.4 [compile->master]
== resolving dependencies com.typesafe.sbtrc#client-2-10;0.3.1->org.scala-sbt#serialization_2.10;0.1.0 [compile->default(compile)]
[A[2K[info] Resolving org.scala-sbt#serialization_2.10;0.1.0 ...
Resolving org.scala-sbt#serialization_2.10;0.1.0 ...
sbt-chain: Checking cache for: dependency: org.scala-sbt#serialization_2.10;0.1.0 {compile=[default(compile)]}
[A[2K[info] Resolving org.scala-sbt#serialization_2.10;0.1.0 ...
Resolving org.scala-sbt#serialization_2.10;0.1.0 ...
sbt-chain-delegate: Checking cache for: dependency: org.scala-sbt#serialization_2.10;0.1.0 {compile=[default(compile)]}
		tried https://repo.typesafe.com/typesafe/ivy-releases/org.scala-sbt/serialization_2.10/0.1.0/ivys/ivy.xml
	typesafe-ivy-releases: found md file for org.scala-sbt#serialization_2.10;0.1.0
		=> https://repo.typesafe.com/typesafe/ivy-releases/org.scala-sbt/serialization_2.10/0.1.0/ivys/ivy.xml (0.1.0)
downloading https://repo.typesafe.com/typesafe/ivy-releases/org.scala-sbt/serialization_2.10/0.1.0/ivys/ivy.xml ...
	typesafe-ivy-releases: downloading https://repo.typesafe.com/typesafe/ivy-releases/org.scala-sbt/serialization_2.10/0.1.0/ivys/ivy.xml
	typesafe-ivy-releases: downloading https://repo.typesafe.com/typesafe/ivy-releases/org.scala-sbt/serialization_2.10/0.1.0/ivys/ivy.xml.sha1
sha1 OK for https://repo.typesafe.com/typesafe/ivy-releases/org.scala-sbt/serialization_2.10/0.1.0/ivys/ivy.xml
	[SUCCESSFUL ] org.scala-sbt#serialization_2.10;0.1.0!ivy.xml(ivy.original) (3966ms)
	found org.scala-sbt#serialization_2.10;0.1.0 in typesafe-ivy-releases
== resolving dependencies org.scala-sbt#serialization_2.10;0.1.0->org.scala-lang#scala-library;2.10.4 [compile->default(compile)]
== resolving dependencies org.scala-sbt#serialization_2.10;0.1.0->org.scala-lang#scala-library;2.10.4 [compile->runtime]
== resolving dependencies org.scala-sbt#serialization_2.10;0.1.0->org.scala-lang#scala-library;2.10.4 [compile->compile]
== resolving dependencies org.scala-sbt#serialization_2.10;0.1.0->org.scala-lang#scala-library;2.10.4 [compile->master]
== resolving dependencies org.scala-sbt#serialization_2.10;0.1.0->org.scala-lang.modules#scala-pickling_2.10;0.10.0 [compile->default(compile)]
[A[2K[info] Resolving org.scala-lang.modules#scala-pickling_2.10;0.10.0 ...
Resolving org.scala-lang.modules#scala-pickling_2.10;0.10.0 ...
sbt-chain: Checking cache for: dependency: org.scala-lang.modules#scala-pickling_2.10;0.10.0 {compile=[default(compile)]}
sbt-chain: module revision found in cache: org.scala-lang.modules#scala-pickling_2.10;0.10.0
	found org.scala-lang.modules#scala-pickling_2.10;0.10.0 in sbt-chain
== resolving dependencies org.scala-sbt#serialization_2.10;0.1.0->org.scala-lang.modules#scala-pickling_2.10;0.10.0 [compile->runtime]
== resolving dependencies org.scala-sbt#serialization_2.10;0.1.0->org.scala-lang.modules#scala-pickling_2.10;0.10.0 [compile->compile]
== resolving dependencies org.scala-lang.modules#scala-pickling_2.10;0.10.0->org.scala-lang#scala-compiler;2.10.4 [compile->master(*)]
[A[2K[info] Resolving org.scala-lang#scala-compiler;2.10.4 ...
Resolving org.scala-lang#scala-compiler;2.10.4 ...
sbt-chain: Checking cache for: dependency: org.scala-lang#scala-compiler;2.10.4 {compile=[compile(*), master(*)], runtime=[runtime(*)]}
sbt-chain: module revision found in cache: org.scala-lang#scala-compiler;2.10.4
	found org.scala-lang#scala-compiler;2.10.4 in sbt-chain
== resolving dependencies org.scala-lang.modules#scala-pickling_2.10;0.10.0->org.scala-lang#scala-compiler;2.10.4 [compile->compile(*)]
== resolving dependencies org.scala-lang#scala-compiler;2.10.4->org.scala-lang#scala-library;2.10.4 [compile->master(*)]
== resolving dependencies org.scala-lang#scala-compiler;2.10.4->org.scala-lang#scala-library;2.10.4 [compile->compile(*)]
== resolving dependencies org.scala-lang#scala-compiler;2.10.4->org.scala-lang#scala-reflect;2.10.4 [compile->master(*)]
== resolving dependencies org.scala-lang#scala-compiler;2.10.4->org.scala-lang#scala-reflect;2.10.4 [compile->compile(*)]
== resolving dependencies org.scala-lang#scala-compiler;2.10.4->org.scala-lang#scala-reflect;2.10.4 [compile->runtime(*)]
== resolving dependencies org.scala-lang#scala-compiler;2.10.4->org.scala-lang#scala-reflect;2.10.4 [compile->compile]
== resolving dependencies org.scala-lang.modules#scala-pickling_2.10;0.10.0->org.scala-lang#scala-compiler;2.10.4 [compile->runtime(*)]
== resolving dependencies org.scala-lang.modules#scala-pickling_2.10;0.10.0->org.scala-lang#scala-compiler;2.10.4 [compile->compile]
== resolving dependencies org.scala-lang#scala-compiler;2.10.4->org.scala-lang#scala-library;2.10.4 [runtime->runtime(*)]
== resolving dependencies org.scala-lang#scala-compiler;2.10.4->org.scala-lang#scala-library;2.10.4 [runtime->compile]
== resolving dependencies org.scala-lang#scala-compiler;2.10.4->org.scala-lang#scala-reflect;2.10.4 [runtime->runtime(*)]
== resolving dependencies org.scala-lang#scala-compiler;2.10.4->org.scala-lang#scala-reflect;2.10.4 [runtime->compile]
== resolving dependencies org.scala-lang.modules#scala-pickling_2.10;0.10.0->org.scala-lang#scala-library;2.10.4 [compile->master(*)]
== resolving dependencies org.scala-lang.modules#scala-pickling_2.10;0.10.0->org.scala-lang#scala-library;2.10.4 [compile->compile(*)]
== resolving dependencies org.scala-lang.modules#scala-pickling_2.10;0.10.0->org.scala-lang#scala-reflect;2.10.4 [compile->master(*)]
== resolving dependencies org.scala-lang.modules#scala-pickling_2.10;0.10.0->org.scala-lang#scala-reflect;2.10.4 [compile->compile(*)]
== resolving dependencies org.scala-lang.modules#scala-pickling_2.10;0.10.0->org.scalamacros#quasiquotes_2.10;2.0.1 [compile->master(*)]
[A[2K[info] Resolving org.scalamacros#quasiquotes_2.10;2.0.1 ...
Resolving org.scalamacros#quasiquotes_2.10;2.0.1 ...
sbt-chain: Checking cache for: dependency: org.scalamacros#quasiquotes_2.10;2.0.1 {compile=[compile(*), master(*)], runtime=[runtime(*)]}
sbt-chain: module revision found in cache: org.scalamacros#quasiquotes_2.10;2.0.1
	found org.scalamacros#quasiquotes_2.10;2.0.1 in sbt-chain
== resolving dependencies org.scala-lang.modules#scala-pickling_2.10;0.10.0->org.scalamacros#quasiquotes_2.10;2.0.1 [compile->compile(*)]
== resolving dependencies org.scalamacros#quasiquotes_2.10;2.0.1->org.scala-lang#scala-library;2.10.4 [compile->master(*)]
== resolving dependencies org.scalamacros#quasiquotes_2.10;2.0.1->org.scala-lang#scala-library;2.10.4 [compile->compile(*)]
== resolving dependencies org.scalamacros#quasiquotes_2.10;2.0.1->org.scala-lang#scala-reflect;2.10.4 [compile->master(*)]
== resolving dependencies org.scalamacros#quasiquotes_2.10;2.0.1->org.scala-lang#scala-reflect;2.10.4 [compile->compile(*)]
== resolving dependencies org.scala-lang.modules#scala-pickling_2.10;0.10.0->org.scalamacros#quasiquotes_2.10;2.0.1 [compile->runtime(*)]
== resolving dependencies org.scala-lang.modules#scala-pickling_2.10;0.10.0->org.scalamacros#quasiquotes_2.10;2.0.1 [compile->compile]
== resolving dependencies org.scalamacros#quasiquotes_2.10;2.0.1->org.scala-lang#scala-library;2.10.4 [runtime->runtime(*)]
== resolving dependencies org.scalamacros#quasiquotes_2.10;2.0.1->org.scala-lang#scala-library;2.10.4 [runtime->compile]
== resolving dependencies org.scalamacros#quasiquotes_2.10;2.0.1->org.scala-lang#scala-reflect;2.10.4 [runtime->runtime(*)]
== resolving dependencies org.scalamacros#quasiquotes_2.10;2.0.1->org.scala-lang#scala-reflect;2.10.4 [runtime->compile]
== resolving dependencies org.scala-lang.modules#scala-pickling_2.10;0.10.0->org.scala-lang#scala-compiler;2.10.4 [runtime->runtime(*)]
== resolving dependencies org.scala-lang.modules#scala-pickling_2.10;0.10.0->org.scala-lang#scala-compiler;2.10.4 [runtime->compile]
== resolving dependencies org.scala-lang.modules#scala-pickling_2.10;0.10.0->org.scala-lang#scala-library;2.10.4 [runtime->runtime(*)]
== resolving dependencies org.scala-lang.modules#scala-pickling_2.10;0.10.0->org.scala-lang#scala-library;2.10.4 [runtime->compile]
== resolving dependencies org.scala-lang.modules#scala-pickling_2.10;0.10.0->org.scala-lang#scala-reflect;2.10.4 [runtime->runtime(*)]
== resolving dependencies org.scala-lang.modules#scala-pickling_2.10;0.10.0->org.scala-lang#scala-reflect;2.10.4 [runtime->compile]
== resolving dependencies org.scala-lang.modules#scala-pickling_2.10;0.10.0->org.scalamacros#quasiquotes_2.10;2.0.1 [runtime->runtime(*)]
== resolving dependencies org.scala-lang.modules#scala-pickling_2.10;0.10.0->org.scalamacros#quasiquotes_2.10;2.0.1 [runtime->compile]
== resolving dependencies org.scala-sbt#serialization_2.10;0.1.0->org.scala-lang.modules#scala-pickling_2.10;0.10.0 [compile->master]
== resolving dependencies org.scala-sbt#serialization_2.10;0.1.0->org.json4s#json4s-core_2.10;3.2.10 [compile->default(compile)]
[A[2K[info] Resolving org.json4s#json4s-core_2.10;3.2.10 ...
Resolving org.json4s#json4s-core_2.10;3.2.10 ...
sbt-chain: Checking cache for: dependency: org.json4s#json4s-core_2.10;3.2.10 {compile=[default(compile)]}
sbt-chain: module revision found in cache: org.json4s#json4s-core_2.10;3.2.10
	found org.json4s#json4s-core_2.10;3.2.10 in sbt-chain
== resolving dependencies org.scala-sbt#serialization_2.10;0.1.0->org.json4s#json4s-core_2.10;3.2.10 [compile->runtime]
== resolving dependencies org.scala-sbt#serialization_2.10;0.1.0->org.json4s#json4s-core_2.10;3.2.10 [compile->compile]
dependency descriptor has been mediated: dependen